<?xml version="1.0" encoding="UTF-8"?>
<!-- Generated by org.testng.reporters.JUnitReportReporter -->
<testsuite hostname="DESKTOP-R09BFLF" failures="0" tests="1" name="tests.LandingPageTest" time="32.900" errors="0" timestamp="2023-02-15T14:22:37 EST" skipped="0">
  <testcase classname="tests.LandingPageTest" name="testLoginInvalid" time="32.900"/>
  <system-out/>
</testsuite> <!-- tests.LandingPageTest -->
